0 info it worked if it ends with ok
1 verbose cli [ 'C:\\Program Files\\nodejs\\node.exe',
1 verbose cli   'C:\\Program Files\\nodejs\\node_modules\\npm\\bin\\npm-cli.js',
1 verbose cli   'install',
1 verbose cli   'bcrypt',
1 verbose cli   '--save' ]
2 info using npm@2.15.9
3 info using node@v4.5.0
4 verbose install initial load of C:\Users\Admin\workspace\personal-page-jade-sass\package.json
5 warn package.json portfolio@1.0.0 No repository field.
6 verbose installManyTop reading scoped package data from C:\Users\Admin\workspace\personal-page-jade-sass\node_modules\angular\package.json
7 verbose installManyTop reading scoped package data from C:\Users\Admin\workspace\personal-page-jade-sass\node_modules\angular-animate\package.json
8 verbose installManyTop reading scoped package data from C:\Users\Admin\workspace\personal-page-jade-sass\node_modules\angular-aria\package.json
9 verbose installManyTop reading scoped package data from C:\Users\Admin\workspace\personal-page-jade-sass\node_modules\angular-masonry\package.json
10 verbose installManyTop reading scoped package data from C:\Users\Admin\workspace\personal-page-jade-sass\node_modules\angular-material\package.json
11 verbose installManyTop reading scoped package data from C:\Users\Admin\workspace\personal-page-jade-sass\node_modules\angular-route\package.json
12 verbose installManyTop reading scoped package data from C:\Users\Admin\workspace\personal-page-jade-sass\node_modules\angular-trix\package.json
13 verbose installManyTop reading scoped package data from C:\Users\Admin\workspace\personal-page-jade-sass\node_modules\body-parser\package.json
14 verbose installManyTop reading scoped package data from C:\Users\Admin\workspace\personal-page-jade-sass\node_modules\bootstrap\package.json
15 verbose installManyTop reading scoped package data from C:\Users\Admin\workspace\personal-page-jade-sass\node_modules\express\package.json
16 verbose installManyTop reading scoped package data from C:\Users\Admin\workspace\personal-page-jade-sass\node_modules\grunt\package.json
17 verbose installManyTop reading scoped package data from C:\Users\Admin\workspace\personal-page-jade-sass\node_modules\grunt-contrib-copy\package.json
18 verbose installManyTop reading scoped package data from C:\Users\Admin\workspace\personal-page-jade-sass\node_modules\grunt-contrib-sass\package.json
19 verbose installManyTop reading scoped package data from C:\Users\Admin\workspace\personal-page-jade-sass\node_modules\grunt-contrib-uglify\package.json
20 verbose installManyTop reading scoped package data from C:\Users\Admin\workspace\personal-page-jade-sass\node_modules\grunt-contrib-watch\package.json
21 verbose installManyTop reading scoped package data from C:\Users\Admin\workspace\personal-page-jade-sass\node_modules\jade\package.json
22 verbose installManyTop reading scoped package data from C:\Users\Admin\workspace\personal-page-jade-sass\node_modules\jquery\package.json
23 verbose installManyTop reading scoped package data from C:\Users\Admin\workspace\personal-page-jade-sass\node_modules\material\package.json
24 verbose installManyTop reading scoped package data from C:\Users\Admin\workspace\personal-page-jade-sass\node_modules\ngsticky\package.json
25 verbose installManyTop reading scoped package data from C:\Users\Admin\workspace\personal-page-jade-sass\node_modules\node-sass\package.json
26 verbose installManyTop reading scoped package data from C:\Users\Admin\workspace\personal-page-jade-sass\node_modules\nodemon\package.json
27 verbose installManyTop reading scoped package data from C:\Users\Admin\workspace\personal-page-jade-sass\node_modules\passport\package.json
28 verbose installManyTop reading scoped package data from C:\Users\Admin\workspace\personal-page-jade-sass\node_modules\passport-local\package.json
29 verbose installManyTop reading scoped package data from C:\Users\Admin\workspace\personal-page-jade-sass\node_modules\pg\package.json
30 verbose installManyTop reading scoped package data from C:\Users\Admin\workspace\personal-page-jade-sass\node_modules\pug\package.json
31 verbose installManyTop reading scoped package data from C:\Users\Admin\workspace\personal-page-jade-sass\node_modules\ruby\package.json
32 verbose installManyTop reading scoped package data from C:\Users\Admin\workspace\personal-page-jade-sass\node_modules\sass\package.json
33 verbose installManyTop reading scoped package data from C:\Users\Admin\workspace\personal-page-jade-sass\node_modules\v-modal\package.json
34 info package.json passport@0.3.2 No README data
35 info package.json angular-material@1.1.0 No license field.
36 info package.json passport-local@1.0.0 No license field.
37 info package.json sass@0.5.0 No repository field.
38 info package.json sass@0.5.0 No license field.
39 verbose readDependencies loading dependencies from C:\Users\Admin\workspace\personal-page-jade-sass\package.json
40 silly cache add args [ 'bcrypt@^0.8.7', null ]
41 verbose cache add spec bcrypt@^0.8.7
42 silly cache add parsed spec Result {
42 silly cache add   raw: 'bcrypt@^0.8.7',
42 silly cache add   scope: null,
42 silly cache add   name: 'bcrypt',
42 silly cache add   rawSpec: '^0.8.7',
42 silly cache add   spec: '>=0.8.7 <0.9.0',
42 silly cache add   type: 'range' }
43 silly addNamed bcrypt@>=0.8.7 <0.9.0
44 verbose addNamed ">=0.8.7 <0.9.0" is a valid semver range for bcrypt
45 silly addNameRange { name: 'bcrypt', range: '>=0.8.7 <0.9.0', hasData: false }
46 silly mapToRegistry name bcrypt
47 silly mapToRegistry using default registry
48 silly mapToRegistry registry https://registry.npmjs.org/
49 silly mapToRegistry data Result {
49 silly mapToRegistry   raw: 'bcrypt',
49 silly mapToRegistry   scope: null,
49 silly mapToRegistry   name: 'bcrypt',
49 silly mapToRegistry   rawSpec: '',
49 silly mapToRegistry   spec: 'latest',
49 silly mapToRegistry   type: 'tag' }
50 silly mapToRegistry uri https://registry.npmjs.org/bcrypt
51 verbose addNameRange registry:https://registry.npmjs.org/bcrypt not in flight; fetching
52 verbose request uri https://registry.npmjs.org/bcrypt
53 verbose request no auth needed
54 info attempt registry request try #1 at 9:36:01 PM
55 verbose request id b3c8d165634eec35
56 verbose etag "CR0LH900QPH9SNVEBDQ6WA8Z1"
57 http request GET https://registry.npmjs.org/bcrypt
58 http 304 https://registry.npmjs.org/bcrypt
59 verbose headers { date: 'Thu, 25 Aug 2016 02:36:01 GMT',
59 verbose headers   via: '1.1 varnish',
59 verbose headers   'cache-control': 'max-age=300',
59 verbose headers   etag: '"CR0LH900QPH9SNVEBDQ6WA8Z1"',
59 verbose headers   age: '296',
59 verbose headers   connection: 'keep-alive',
59 verbose headers   'x-served-by': 'cache-ord1736-ORD',
59 verbose headers   'x-cache': 'HIT',
59 verbose headers   'x-cache-hits': '2',
59 verbose headers   'x-timer': 'S1472092561.317021,VS0,VE0',
59 verbose headers   vary: 'Accept-Encoding' }
60 silly get cb [ 304,
60 silly get   { date: 'Thu, 25 Aug 2016 02:36:01 GMT',
60 silly get     via: '1.1 varnish',
60 silly get     'cache-control': 'max-age=300',
60 silly get     etag: '"CR0LH900QPH9SNVEBDQ6WA8Z1"',
60 silly get     age: '296',
60 silly get     connection: 'keep-alive',
60 silly get     'x-served-by': 'cache-ord1736-ORD',
60 silly get     'x-cache': 'HIT',
60 silly get     'x-cache-hits': '2',
60 silly get     'x-timer': 'S1472092561.317021,VS0,VE0',
60 silly get     vary: 'Accept-Encoding' } ]
61 verbose etag https://registry.npmjs.org/bcrypt from cache
62 verbose get saving bcrypt to C:\Users\Admin\AppData\Roaming\npm-cache\registry.npmjs.org\bcrypt\.cache.json
63 verbose correctMkdir C:\Users\Admin\AppData\Roaming\npm-cache correctMkdir not in flight; initializing
64 silly addNameRange number 2 { name: 'bcrypt', range: '>=0.8.7 <0.9.0', hasData: true }
65 silly addNameRange versions [ 'bcrypt',
65 silly addNameRange   [ '0.1.2',
65 silly addNameRange     '0.2.0',
65 silly addNameRange     '0.2.1',
65 silly addNameRange     '0.1.3',
65 silly addNameRange     '0.2.2',
65 silly addNameRange     '0.2.3',
65 silly addNameRange     '0.2.4',
65 silly addNameRange     '0.3.0',
65 silly addNameRange     '0.3.1',
65 silly addNameRange     '0.3.2',
65 silly addNameRange     '0.4.0',
65 silly addNameRange     '0.4.1',
65 silly addNameRange     '0.5.0',
65 silly addNameRange     '0.6.0',
65 silly addNameRange     '0.7.0',
65 silly addNameRange     '0.7.1',
65 silly addNameRange     '0.7.2',
65 silly addNameRange     '0.7.3',
65 silly addNameRange     '0.7.4',
65 silly addNameRange     '0.7.5',
65 silly addNameRange     '0.7.6',
65 silly addNameRange     '0.7.7',
65 silly addNameRange     '0.7.8',
65 silly addNameRange     '0.8.0',
65 silly addNameRange     '0.8.1',
65 silly addNameRange     '0.8.2',
65 silly addNameRange     '0.8.3',
65 silly addNameRange     '0.8.4',
65 silly addNameRange     '0.8.5',
65 silly addNameRange     '0.8.6',
65 silly addNameRange     '0.8.7' ] ]
66 silly addNamed bcrypt@0.8.7
67 verbose addNamed "0.8.7" is a plain semver version for bcrypt
68 silly cache afterAdd bcrypt@0.8.7
69 verbose afterAdd C:\Users\Admin\AppData\Roaming\npm-cache\bcrypt\0.8.7\package\package.json not in flight; writing
70 verbose correctMkdir C:\Users\Admin\AppData\Roaming\npm-cache correctMkdir not in flight; initializing
71 verbose afterAdd C:\Users\Admin\AppData\Roaming\npm-cache\bcrypt\0.8.7\package\package.json written
72 silly install resolved [ { name: 'bcrypt',
72 silly install resolved     description: 'A bcrypt library for NodeJS.',
72 silly install resolved     keywords:
72 silly install resolved      [ 'bcrypt',
72 silly install resolved        'password',
72 silly install resolved        'auth',
72 silly install resolved        'authentication',
72 silly install resolved        'encryption',
72 silly install resolved        'crypt',
72 silly install resolved        'crypto' ],
72 silly install resolved     main: './bcrypt',
72 silly install resolved     version: '0.8.7',
72 silly install resolved     author: { name: 'Nick Campbell', url: 'https://github.com/ncb000gt' },
72 silly install resolved     engines: { node: '>= 0.6.0' },
72 silly install resolved     repository:
72 silly install resolved      { type: 'git',
72 silly install resolved        url: 'git+https://github.com/ncb000gt/node.bcrypt.js.git' },
72 silly install resolved     license: 'MIT',
72 silly install resolved     bugs: { url: 'https://github.com/ncb000gt/node.bcrypt.js/issues' },
72 silly install resolved     scripts:
72 silly install resolved      { test: 'node-gyp configure build && nodeunit test',
72 silly install resolved        install: 'node-gyp rebuild' },
72 silly install resolved     dependencies: { bindings: '1.2.1', nan: '2.3.5' },
72 silly install resolved     devDependencies: { nodeunit: '~0.9.1' },
72 silly install resolved     contributors:
72 silly install resolved      [ [Object],
72 silly install resolved        [Object],
72 silly install resolved        [Object],
72 silly install resolved        [Object],
72 silly install resolved        [Object],
72 silly install resolved        [Object],
72 silly install resolved        [Object],
72 silly install resolved        [Object],
72 silly install resolved        [Object],
72 silly install resolved        [Object],
72 silly install resolved        [Object],
72 silly install resolved        [Object],
72 silly install resolved        [Object],
72 silly install resolved        [Object] ],
72 silly install resolved     gypfile: true,
72 silly install resolved     gitHead: '0dc9b78dab6980d129b77d1df723aa44daa7deb4',
72 silly install resolved     homepage: 'https://github.com/ncb000gt/node.bcrypt.js#readme',
72 silly install resolved     _id: 'bcrypt@0.8.7',
72 silly install resolved     _shasum: 'bc3875a9afd0a7b2cd231a6a7f218a5ce156b093',
72 silly install resolved     _from: 'bcrypt@>=0.8.7 <0.9.0',
72 silly install resolved     _npmVersion: '3.8.9',
72 silly install resolved     _nodeVersion: '6.2.0',
72 silly install resolved     _npmUser: { name: 'defunctzombie', email: 'shtylman@gmail.com' },
72 silly install resolved     dist:
72 silly install resolved      { shasum: 'bc3875a9afd0a7b2cd231a6a7f218a5ce156b093',
72 silly install resolved        tarball: 'https://registry.npmjs.org/bcrypt/-/bcrypt-0.8.7.tgz' },
72 silly install resolved     maintainers: [ [Object], [Object], [Object], [Object] ],
72 silly install resolved     _npmOperationalInternal:
72 silly install resolved      { host: 'packages-12-west.internal.npmjs.com',
72 silly install resolved        tmp: 'tmp/bcrypt-0.8.7.tgz_1465526713712_0.05265477881766856' },
72 silly install resolved     directories: {},
72 silly install resolved     _resolved: 'https://registry.npmjs.org/bcrypt/-/bcrypt-0.8.7.tgz',
72 silly install resolved     readme: 'ERROR: No README data found!' } ]
73 info install bcrypt@0.8.7 into C:\Users\Admin\workspace\personal-page-jade-sass
74 info installOne bcrypt@0.8.7
75 verbose installOne of bcrypt to C:\Users\Admin\workspace\personal-page-jade-sass not in flight; installing
76 verbose correctMkdir C:\Users\Admin\AppData\Roaming\npm-cache\_locks correctMkdir not in flight; initializing
77 verbose lock using C:\Users\Admin\AppData\Roaming\npm-cache\_locks\bcrypt-765f3529501274c7.lock for C:\Users\Admin\workspace\personal-page-jade-sass\node_modules\bcrypt
78 silly install write writing bcrypt 0.8.7 to C:\Users\Admin\workspace\personal-page-jade-sass\node_modules\bcrypt
79 verbose unbuild node_modules\bcrypt
80 silly gentlyRm C:\Users\Admin\workspace\personal-page-jade-sass\node_modules\bcrypt is being purged from base C:\Users\Admin\workspace\personal-page-jade-sass
81 verbose gentlyRm don't care about contents; nuking C:\Users\Admin\workspace\personal-page-jade-sass\node_modules\bcrypt
82 verbose tar unpack C:\Users\Admin\AppData\Roaming\npm-cache\bcrypt\0.8.7\package.tgz
83 verbose tar unpacking to C:\Users\Admin\workspace\personal-page-jade-sass\node_modules\bcrypt
84 silly gentlyRm C:\Users\Admin\workspace\personal-page-jade-sass\node_modules\bcrypt is being purged
85 verbose gentlyRm don't care about contents; nuking C:\Users\Admin\workspace\personal-page-jade-sass\node_modules\bcrypt
86 silly gunzTarPerm modes [ '777', '666' ]
87 silly gunzTarPerm extractEntry package.json
88 silly gunzTarPerm modified mode [ 'package.json', 420, 438 ]
89 silly gunzTarPerm extractEntry .npmignore
90 silly gunzTarPerm modified mode [ '.npmignore', 420, 438 ]
91 silly gunzTarPerm extractEntry README.md
92 silly gunzTarPerm modified mode [ 'README.md', 420, 438 ]
93 silly gunzTarPerm extractEntry LICENSE
94 silly gunzTarPerm modified mode [ 'LICENSE', 420, 438 ]
95 silly gunzTarPerm extractEntry bcrypt.js
96 silly gunzTarPerm modified mode [ 'bcrypt.js', 420, 438 ]
97 silly gunzTarPerm extractEntry Makefile
98 silly gunzTarPerm modified mode [ 'Makefile', 420, 438 ]
99 silly gunzTarPerm extractEntry .travis.yml
100 silly gunzTarPerm modified mode [ '.travis.yml', 420, 438 ]
101 silly gunzTarPerm extractEntry CHANGELOG.md
102 silly gunzTarPerm modified mode [ 'CHANGELOG.md', 420, 438 ]
103 silly gunzTarPerm extractEntry binding.gyp
104 silly gunzTarPerm modified mode [ 'binding.gyp', 420, 438 ]
105 silly gunzTarPerm extractEntry examples/async_compare.js
106 silly gunzTarPerm modified mode [ 'examples/async_compare.js', 420, 438 ]
107 silly gunzTarPerm extractEntry examples/forever_gen_salt.js
108 silly gunzTarPerm modified mode [ 'examples/forever_gen_salt.js', 420, 438 ]
109 silly gunzTarPerm extractEntry test/async.js
110 silly gunzTarPerm modified mode [ 'test/async.js', 420, 438 ]
111 silly gunzTarPerm extractEntry test/repetitions.js
112 silly gunzTarPerm modified mode [ 'test/repetitions.js', 420, 438 ]
113 silly gunzTarPerm extractEntry test/sync.js
114 silly gunzTarPerm modified mode [ 'test/sync.js', 420, 438 ]
115 silly gunzTarPerm extractEntry ISSUE_TEMPLATE.md
116 silly gunzTarPerm modified mode [ 'ISSUE_TEMPLATE.md', 420, 438 ]
117 silly gunzTarPerm extractEntry src/bcrypt.cc
118 silly gunzTarPerm modified mode [ 'src/bcrypt.cc', 420, 438 ]
119 silly gunzTarPerm extractEntry src/bcrypt_node.cc
120 silly gunzTarPerm modified mode [ 'src/bcrypt_node.cc', 420, 438 ]
121 silly gunzTarPerm extractEntry src/blowfish.cc
122 silly gunzTarPerm modified mode [ 'src/blowfish.cc', 420, 438 ]
123 silly gunzTarPerm extractEntry src/node_blf.h
124 silly gunzTarPerm modified mode [ 'src/node_blf.h', 420, 438 ]
125 silly gunzTarPerm extractEntry werker.yml
126 silly gunzTarPerm modified mode [ 'werker.yml', 420, 438 ]
127 verbose write writing to C:\Users\Admin\workspace\personal-page-jade-sass\node_modules\bcrypt\package.json
128 info preinstall bcrypt@0.8.7
129 verbose readDependencies loading dependencies from C:\Users\Admin\workspace\personal-page-jade-sass\node_modules\bcrypt\package.json
130 silly prepareForInstallMany adding bindings@1.2.1 from bcrypt dependencies
131 silly prepareForInstallMany adding nan@2.3.5 from bcrypt dependencies
132 verbose readDependencies loading dependencies from C:\Users\Admin\workspace\personal-page-jade-sass\node_modules\bcrypt\package.json
133 silly cache add args [ 'bindings@1.2.1', null ]
134 verbose cache add spec bindings@1.2.1
135 silly cache add args [ 'nan@2.3.5', null ]
136 verbose cache add spec nan@2.3.5
137 silly cache add parsed spec Result {
137 silly cache add   raw: 'bindings@1.2.1',
137 silly cache add   scope: null,
137 silly cache add   name: 'bindings',
137 silly cache add   rawSpec: '1.2.1',
137 silly cache add   spec: '1.2.1',
137 silly cache add   type: 'version' }
138 silly addNamed bindings@1.2.1
139 verbose addNamed "1.2.1" is a plain semver version for bindings
140 silly mapToRegistry name bindings
141 silly mapToRegistry using default registry
142 silly mapToRegistry registry https://registry.npmjs.org/
143 silly mapToRegistry data Result {
143 silly mapToRegistry   raw: 'bindings',
143 silly mapToRegistry   scope: null,
143 silly mapToRegistry   name: 'bindings',
143 silly mapToRegistry   rawSpec: '',
143 silly mapToRegistry   spec: 'latest',
143 silly mapToRegistry   type: 'tag' }
144 silly mapToRegistry uri https://registry.npmjs.org/bindings
145 verbose addNameVersion registry:https://registry.npmjs.org/bindings not in flight; fetching
146 silly cache add parsed spec Result {
146 silly cache add   raw: 'nan@2.3.5',
146 silly cache add   scope: null,
146 silly cache add   name: 'nan',
146 silly cache add   rawSpec: '2.3.5',
146 silly cache add   spec: '2.3.5',
146 silly cache add   type: 'version' }
147 silly addNamed nan@2.3.5
148 verbose addNamed "2.3.5" is a plain semver version for nan
149 silly mapToRegistry name nan
150 silly mapToRegistry using default registry
151 silly mapToRegistry registry https://registry.npmjs.org/
152 silly mapToRegistry data Result {
152 silly mapToRegistry   raw: 'nan',
152 silly mapToRegistry   scope: null,
152 silly mapToRegistry   name: 'nan',
152 silly mapToRegistry   rawSpec: '',
152 silly mapToRegistry   spec: 'latest',
152 silly mapToRegistry   type: 'tag' }
153 silly mapToRegistry uri https://registry.npmjs.org/nan
154 verbose addNameVersion registry:https://registry.npmjs.org/nan not in flight; fetching
155 verbose request uri https://registry.npmjs.org/bindings
156 verbose request no auth needed
157 info attempt registry request try #1 at 9:36:01 PM
158 verbose etag "33TX4J3DNTGF7K41ZUV6OA182"
159 http request GET https://registry.npmjs.org/bindings
160 verbose request uri https://registry.npmjs.org/nan
161 verbose request no auth needed
162 info attempt registry request try #1 at 9:36:01 PM
163 verbose etag "EGTR1APXEV7TH8V3QYT0WN357"
164 http request GET https://registry.npmjs.org/nan
165 http 304 https://registry.npmjs.org/bindings
166 verbose headers { date: 'Thu, 25 Aug 2016 02:36:01 GMT',
166 verbose headers   via: '1.1 varnish',
166 verbose headers   'cache-control': 'max-age=300',
166 verbose headers   etag: '"33TX4J3DNTGF7K41ZUV6OA182"',
166 verbose headers   age: '248',
166 verbose headers   connection: 'keep-alive',
166 verbose headers   'x-served-by': 'cache-ord1736-ORD',
166 verbose headers   'x-cache': 'HIT',
166 verbose headers   'x-cache-hits': '3',
166 verbose headers   'x-timer': 'S1472092561.525096,VS0,VE0',
166 verbose headers   vary: 'Accept-Encoding' }
167 silly get cb [ 304,
167 silly get   { date: 'Thu, 25 Aug 2016 02:36:01 GMT',
167 silly get     via: '1.1 varnish',
167 silly get     'cache-control': 'max-age=300',
167 silly get     etag: '"33TX4J3DNTGF7K41ZUV6OA182"',
167 silly get     age: '248',
167 silly get     connection: 'keep-alive',
167 silly get     'x-served-by': 'cache-ord1736-ORD',
167 silly get     'x-cache': 'HIT',
167 silly get     'x-cache-hits': '3',
167 silly get     'x-timer': 'S1472092561.525096,VS0,VE0',
167 silly get     vary: 'Accept-Encoding' } ]
168 verbose etag https://registry.npmjs.org/bindings from cache
169 verbose get saving bindings to C:\Users\Admin\AppData\Roaming\npm-cache\registry.npmjs.org\bindings\.cache.json
170 verbose correctMkdir C:\Users\Admin\AppData\Roaming\npm-cache correctMkdir not in flight; initializing
171 silly cache afterAdd bindings@1.2.1
172 verbose afterAdd C:\Users\Admin\AppData\Roaming\npm-cache\bindings\1.2.1\package\package.json not in flight; writing
173 verbose correctMkdir C:\Users\Admin\AppData\Roaming\npm-cache correctMkdir not in flight; initializing
174 verbose afterAdd C:\Users\Admin\AppData\Roaming\npm-cache\bindings\1.2.1\package\package.json written
175 http 304 https://registry.npmjs.org/nan
176 verbose headers { date: 'Thu, 25 Aug 2016 02:36:01 GMT',
176 verbose headers   via: '1.1 varnish',
176 verbose headers   'cache-control': 'max-age=300',
176 verbose headers   etag: '"EGTR1APXEV7TH8V3QYT0WN357"',
176 verbose headers   age: '192',
176 verbose headers   connection: 'keep-alive',
176 verbose headers   'x-served-by': 'cache-ord1741-ORD',
176 verbose headers   'x-cache': 'HIT',
176 verbose headers   'x-cache-hits': '3',
176 verbose headers   'x-timer': 'S1472092561.582729,VS0,VE0',
176 verbose headers   vary: 'Accept-Encoding' }
177 silly get cb [ 304,
177 silly get   { date: 'Thu, 25 Aug 2016 02:36:01 GMT',
177 silly get     via: '1.1 varnish',
177 silly get     'cache-control': 'max-age=300',
177 silly get     etag: '"EGTR1APXEV7TH8V3QYT0WN357"',
177 silly get     age: '192',
177 silly get     connection: 'keep-alive',
177 silly get     'x-served-by': 'cache-ord1741-ORD',
177 silly get     'x-cache': 'HIT',
177 silly get     'x-cache-hits': '3',
177 silly get     'x-timer': 'S1472092561.582729,VS0,VE0',
177 silly get     vary: 'Accept-Encoding' } ]
178 verbose etag https://registry.npmjs.org/nan from cache
179 verbose get saving nan to C:\Users\Admin\AppData\Roaming\npm-cache\registry.npmjs.org\nan\.cache.json
180 verbose correctMkdir C:\Users\Admin\AppData\Roaming\npm-cache correctMkdir not in flight; initializing
181 silly cache afterAdd nan@2.3.5
182 verbose afterAdd C:\Users\Admin\AppData\Roaming\npm-cache\nan\2.3.5\package\package.json not in flight; writing
183 verbose correctMkdir C:\Users\Admin\AppData\Roaming\npm-cache correctMkdir not in flight; initializing
184 verbose afterAdd C:\Users\Admin\AppData\Roaming\npm-cache\nan\2.3.5\package\package.json written
185 silly install resolved [ { name: 'bindings',
185 silly install resolved     description: 'Helper module for loading your native module\'s .node file',
185 silly install resolved     keywords: [ 'native', 'addon', 'bindings', 'gyp', 'waf', 'c', 'c++' ],
185 silly install resolved     version: '1.2.1',
185 silly install resolved     author:
185 silly install resolved      { name: 'Nathan Rajlich',
185 silly install resolved        email: 'nathan@tootallnate.net',
185 silly install resolved        url: 'http://tootallnate.net' },
185 silly install resolved     repository:
185 silly install resolved      { type: 'git',
185 silly install resolved        url: 'git://github.com/TooTallNate/node-bindings.git' },
185 silly install resolved     main: './bindings.js',
185 silly install resolved     bugs: { url: 'https://github.com/TooTallNate/node-bindings/issues' },
185 silly install resolved     homepage: 'https://github.com/TooTallNate/node-bindings',
185 silly install resolved     license: 'MIT',
185 silly install resolved     gitHead: 'e404152ee27f8478ccbc7122ee051246e8e5ec02',
185 silly install resolved     _id: 'bindings@1.2.1',
185 silly install resolved     scripts: {},
185 silly install resolved     _shasum: '14ad6113812d2d37d72e67b4cacb4bb726505f11',
185 silly install resolved     _from: 'bindings@1.2.1',
185 silly install resolved     _npmVersion: '1.4.14',
185 silly install resolved     _npmUser: { name: 'tootallnate', email: 'nathan@tootallnate.net' },
185 silly install resolved     maintainers: [ [Object], [Object] ],
185 silly install resolved     dist:
185 silly install resolved      { shasum: '14ad6113812d2d37d72e67b4cacb4bb726505f11',
185 silly install resolved        tarball: 'https://registry.npmjs.org/bindings/-/bindings-1.2.1.tgz' },
185 silly install resolved     directories: {},
185 silly install resolved     _resolved: 'https://registry.npmjs.org/bindings/-/bindings-1.2.1.tgz',
185 silly install resolved     readme: 'ERROR: No README data found!' },
185 silly install resolved   { name: 'nan',
185 silly install resolved     version: '2.3.5',
185 silly install resolved     description: 'Native Abstractions for Node.js: C++ header for Node 0.8 -> 6 compatibility',
185 silly install resolved     main: 'include_dirs.js',
185 silly install resolved     repository: { type: 'git', url: 'git://github.com/nodejs/nan.git' },
185 silly install resolved     scripts:
185 silly install resolved      { test: 'tap --gc --stderr test/js/*-test.js',
185 silly install resolved        'rebuild-tests': 'node-gyp rebuild --msvs_version=2013 --directory test',
185 silly install resolved        docs: 'doc/.build.sh' },
185 silly install resolved     contributors:
185 silly install resolved      [ [Object],
185 silly install resolved        [Object],
185 silly install resolved        [Object],
185 silly install resolved        [Object],
185 silly install resolved        [Object],
185 silly install resolved        [Object],
185 silly install resolved        [Object] ],
185 silly install resolved     devDependencies:
185 silly install resolved      { bindings: '~1.2.1',
185 silly install resolved        commander: '^2.8.1',
185 silly install resolved        glob: '^5.0.14',
185 silly install resolved        'node-gyp': '~3.0.1',
185 silly install resolved        tap: '~0.7.1',
185 silly install resolved        xtend: '~4.0.0' },
185 silly install resolved     license: 'MIT',
185 silly install resolved     bugs: { url: 'https://github.com/nodejs/nan/issues' },
185 silly install resolved     homepage: 'https://github.com/nodejs/nan#readme',
185 silly install resolved     _id: 'nan@2.3.5',
185 silly install resolved     _shasum: '822a0dc266290ce4cd3a12282ca3e7e364668a08',
185 silly install resolved     _resolved: 'https://registry.npmjs.org/nan/-/nan-2.3.5.tgz',
185 silly install resolved     _from: 'nan@2.3.5',
185 silly install resolved     _npmVersion: '3.3.6',
185 silly install resolved     _nodeVersion: '5.0.0',
185 silly install resolved     _npmUser: { name: 'kkoopa', email: 'bbyholm@abo.fi' },
185 silly install resolved     dist:
185 silly install resolved      { shasum: '822a0dc266290ce4cd3a12282ca3e7e364668a08',
185 silly install resolved        tarball: 'https://registry.npmjs.org/nan/-/nan-2.3.5.tgz' },
185 silly install resolved     maintainers: [ [Object], [Object] ],
185 silly install resolved     _npmOperationalInternal:
185 silly install resolved      { host: 'packages-12-west.internal.npmjs.com',
185 silly install resolved        tmp: 'tmp/nan-2.3.5.tgz_1464707164994_0.4295874561648816' },
185 silly install resolved     directories: {},
185 silly install resolved     readme: 'ERROR: No README data found!' } ]
186 info install bindings@1.2.1 into C:\Users\Admin\workspace\personal-page-jade-sass\node_modules\bcrypt
187 info install nan@2.3.5 into C:\Users\Admin\workspace\personal-page-jade-sass\node_modules\bcrypt
188 info installOne bindings@1.2.1
189 verbose installOne of bindings to C:\Users\Admin\workspace\personal-page-jade-sass\node_modules\bcrypt not in flight; installing
190 verbose correctMkdir C:\Users\Admin\AppData\Roaming\npm-cache\_locks correctMkdir not in flight; initializing
191 info installOne nan@2.3.5
192 verbose installOne of nan to C:\Users\Admin\workspace\personal-page-jade-sass\node_modules\bcrypt not in flight; installing
193 verbose correctMkdir C:\Users\Admin\AppData\Roaming\npm-cache\_locks correctMkdir not in flight; initializing
194 verbose lock using C:\Users\Admin\AppData\Roaming\npm-cache\_locks\bindings-8427239bb1c56181.lock for C:\Users\Admin\workspace\personal-page-jade-sass\node_modules\bcrypt\node_modules\bindings
195 silly install write writing bindings 1.2.1 to C:\Users\Admin\workspace\personal-page-jade-sass\node_modules\bcrypt\node_modules\bindings
196 verbose lock using C:\Users\Admin\AppData\Roaming\npm-cache\_locks\nan-8aac8d6dd75ef157.lock for C:\Users\Admin\workspace\personal-page-jade-sass\node_modules\bcrypt\node_modules\nan
197 silly install write writing nan 2.3.5 to C:\Users\Admin\workspace\personal-page-jade-sass\node_modules\bcrypt\node_modules\nan
198 verbose unbuild node_modules\bcrypt\node_modules\bindings
199 verbose unbuild node_modules\bcrypt\node_modules\nan
200 silly gentlyRm C:\Users\Admin\workspace\personal-page-jade-sass\node_modules\bcrypt\node_modules\bindings is being purged from base C:\Users\Admin\workspace\personal-page-jade-sass
201 verbose gentlyRm don't care about contents; nuking C:\Users\Admin\workspace\personal-page-jade-sass\node_modules\bcrypt\node_modules\bindings
202 verbose tar unpack C:\Users\Admin\AppData\Roaming\npm-cache\bindings\1.2.1\package.tgz
203 verbose tar unpacking to C:\Users\Admin\workspace\personal-page-jade-sass\node_modules\bcrypt\node_modules\bindings
204 silly gentlyRm C:\Users\Admin\workspace\personal-page-jade-sass\node_modules\bcrypt\node_modules\bindings is being purged
205 verbose gentlyRm don't care about contents; nuking C:\Users\Admin\workspace\personal-page-jade-sass\node_modules\bcrypt\node_modules\bindings
206 silly gunzTarPerm modes [ '777', '666' ]
207 silly gentlyRm C:\Users\Admin\workspace\personal-page-jade-sass\node_modules\bcrypt\node_modules\nan is being purged from base C:\Users\Admin\workspace\personal-page-jade-sass
208 verbose gentlyRm don't care about contents; nuking C:\Users\Admin\workspace\personal-page-jade-sass\node_modules\bcrypt\node_modules\nan
209 verbose tar unpack C:\Users\Admin\AppData\Roaming\npm-cache\nan\2.3.5\package.tgz
210 verbose tar unpacking to C:\Users\Admin\workspace\personal-page-jade-sass\node_modules\bcrypt\node_modules\nan
211 silly gentlyRm C:\Users\Admin\workspace\personal-page-jade-sass\node_modules\bcrypt\node_modules\nan is being purged
212 verbose gentlyRm don't care about contents; nuking C:\Users\Admin\workspace\personal-page-jade-sass\node_modules\bcrypt\node_modules\nan
213 silly gunzTarPerm modes [ '777', '666' ]
214 silly gunzTarPerm extractEntry package.json
215 silly gunzTarPerm modified mode [ 'package.json', 420, 438 ]
216 silly gunzTarPerm extractEntry package.json
217 silly gunzTarPerm modified mode [ 'package.json', 436, 438 ]
218 silly gunzTarPerm extractEntry README.md
219 silly gunzTarPerm modified mode [ 'README.md', 420, 438 ]
220 silly gunzTarPerm extractEntry bindings.js
221 silly gunzTarPerm modified mode [ 'bindings.js', 420, 438 ]
222 silly gunzTarPerm extractEntry README.md
223 silly gunzTarPerm modified mode [ 'README.md', 436, 438 ]
224 silly gunzTarPerm extractEntry include_dirs.js
225 silly gunzTarPerm modified mode [ 'include_dirs.js', 436, 438 ]
226 silly gunzTarPerm extractEntry nan_converters.h
227 silly gunzTarPerm modified mode [ 'nan_converters.h', 436, 438 ]
228 silly gunzTarPerm extractEntry LICENSE.md
229 silly gunzTarPerm modified mode [ 'LICENSE.md', 436, 438 ]
230 silly gunzTarPerm extractEntry doc/node_misc.md
231 silly gunzTarPerm modified mode [ 'doc/node_misc.md', 436, 438 ]
232 silly gunzTarPerm extractEntry doc/asyncworker.md
233 silly gunzTarPerm modified mode [ 'doc/asyncworker.md', 436, 438 ]
234 silly gunzTarPerm extractEntry doc/callback.md
235 silly gunzTarPerm modified mode [ 'doc/callback.md', 436, 438 ]
236 silly gunzTarPerm extractEntry doc/converters.md
237 silly gunzTarPerm modified mode [ 'doc/converters.md', 436, 438 ]
238 silly gunzTarPerm extractEntry doc/errors.md
239 silly gunzTarPerm modified mode [ 'doc/errors.md', 436, 438 ]
240 silly gunzTarPerm extractEntry doc/maybe_types.md
241 silly gunzTarPerm modified mode [ 'doc/maybe_types.md', 436, 438 ]
242 silly gunzTarPerm extractEntry doc/methods.md
243 silly gunzTarPerm modified mode [ 'doc/methods.md', 436, 438 ]
244 silly gunzTarPerm extractEntry doc/new.md
245 silly gunzTarPerm modified mode [ 'doc/new.md', 436, 438 ]
246 silly gunzTarPerm extractEntry doc/buffers.md
247 silly gunzTarPerm modified mode [ 'doc/buffers.md', 436, 438 ]
248 silly gunzTarPerm extractEntry doc/object_wrappers.md
249 silly gunzTarPerm modified mode [ 'doc/object_wrappers.md', 436, 438 ]
250 verbose write writing to C:\Users\Admin\workspace\personal-page-jade-sass\node_modules\bcrypt\node_modules\bindings\package.json
251 info preinstall bindings@1.2.1
252 verbose readDependencies loading dependencies from C:\Users\Admin\workspace\personal-page-jade-sass\node_modules\bcrypt\node_modules\bindings\package.json
253 verbose readDependencies loading dependencies from C:\Users\Admin\workspace\personal-page-jade-sass\node_modules\bcrypt\node_modules\bindings\package.json
254 silly install resolved []
255 verbose about to build C:\Users\Admin\workspace\personal-page-jade-sass\node_modules\bcrypt\node_modules\bindings
256 info build C:\Users\Admin\workspace\personal-page-jade-sass\node_modules\bcrypt\node_modules\bindings
257 info linkStuff bindings@1.2.1
258 silly linkStuff bindings@1.2.1 has C:\Users\Admin\workspace\personal-page-jade-sass\node_modules\bcrypt\node_modules as its parent node_modules
259 verbose linkBins bindings@1.2.1
260 verbose linkMans bindings@1.2.1
261 verbose rebuildBundles bindings@1.2.1
262 info install bindings@1.2.1
263 info postinstall bindings@1.2.1
264 verbose unlock done using C:\Users\Admin\AppData\Roaming\npm-cache\_locks\bindings-8427239bb1c56181.lock for C:\Users\Admin\workspace\personal-page-jade-sass\node_modules\bcrypt\node_modules\bindings
265 silly gunzTarPerm extractEntry doc/persistent.md
266 silly gunzTarPerm modified mode [ 'doc/persistent.md', 436, 438 ]
267 silly gunzTarPerm extractEntry doc/scopes.md
268 silly gunzTarPerm modified mode [ 'doc/scopes.md', 436, 438 ]
269 silly gunzTarPerm extractEntry doc/script.md
270 silly gunzTarPerm modified mode [ 'doc/script.md', 436, 438 ]
271 silly gunzTarPerm extractEntry doc/string_bytes.md
272 silly gunzTarPerm modified mode [ 'doc/string_bytes.md', 436, 438 ]
273 silly gunzTarPerm extractEntry doc/v8_internals.md
274 silly gunzTarPerm modified mode [ 'doc/v8_internals.md', 436, 438 ]
275 silly gunzTarPerm extractEntry doc/v8_misc.md
276 silly gunzTarPerm modified mode [ 'doc/v8_misc.md', 436, 438 ]
277 silly gunzTarPerm extractEntry nan.h
278 silly gunzTarPerm modified mode [ 'nan.h', 436, 438 ]
279 silly gunzTarPerm extractEntry nan_callbacks.h
280 silly gunzTarPerm modified mode [ 'nan_callbacks.h', 436, 438 ]
281 silly gunzTarPerm extractEntry nan_callbacks_12_inl.h
282 silly gunzTarPerm modified mode [ 'nan_callbacks_12_inl.h', 436, 438 ]
283 silly gunzTarPerm extractEntry nan_callbacks_pre_12_inl.h
284 silly gunzTarPerm modified mode [ 'nan_callbacks_pre_12_inl.h', 436, 438 ]
285 silly gunzTarPerm extractEntry nan_converters_43_inl.h
286 silly gunzTarPerm modified mode [ 'nan_converters_43_inl.h', 436, 438 ]
287 silly gunzTarPerm extractEntry nan_converters_pre_43_inl.h
288 silly gunzTarPerm modified mode [ 'nan_converters_pre_43_inl.h', 436, 438 ]
289 silly gunzTarPerm extractEntry nan_implementation_12_inl.h
290 silly gunzTarPerm modified mode [ 'nan_implementation_12_inl.h', 436, 438 ]
291 silly gunzTarPerm extractEntry nan_implementation_pre_12_inl.h
292 silly gunzTarPerm modified mode [ 'nan_implementation_pre_12_inl.h', 436, 438 ]
293 silly gunzTarPerm extractEntry nan_maybe_43_inl.h
294 silly gunzTarPerm modified mode [ 'nan_maybe_43_inl.h', 436, 438 ]
295 silly gunzTarPerm extractEntry nan_maybe_pre_43_inl.h
296 silly gunzTarPerm modified mode [ 'nan_maybe_pre_43_inl.h', 436, 438 ]
297 silly gunzTarPerm extractEntry nan_new.h
298 silly gunzTarPerm modified mode [ 'nan_new.h', 436, 438 ]
299 silly gunzTarPerm extractEntry nan_object_wrap.h
300 silly gunzTarPerm modified mode [ 'nan_object_wrap.h', 436, 438 ]
301 silly gunzTarPerm extractEntry nan_persistent_12_inl.h
302 silly gunzTarPerm modified mode [ 'nan_persistent_12_inl.h', 436, 438 ]
303 silly gunzTarPerm extractEntry nan_persistent_pre_12_inl.h
304 silly gunzTarPerm modified mode [ 'nan_persistent_pre_12_inl.h', 436, 438 ]
305 silly gunzTarPerm extractEntry nan_string_bytes.h
306 silly gunzTarPerm modified mode [ 'nan_string_bytes.h', 436, 438 ]
307 silly gunzTarPerm extractEntry nan_typedarray_contents.h
308 silly gunzTarPerm modified mode [ 'nan_typedarray_contents.h', 436, 438 ]
309 silly gunzTarPerm extractEntry nan_weak.h
310 silly gunzTarPerm modified mode [ 'nan_weak.h', 436, 438 ]
311 silly gunzTarPerm extractEntry CHANGELOG.md
312 silly gunzTarPerm modified mode [ 'CHANGELOG.md', 436, 438 ]
313 silly gunzTarPerm extractEntry tools/package.json
314 silly gunzTarPerm modified mode [ 'tools/package.json', 436, 438 ]
315 silly gunzTarPerm extractEntry tools/README.md
316 silly gunzTarPerm modified mode [ 'tools/README.md', 436, 438 ]
317 silly gunzTarPerm extractEntry tools/1to2.js
318 silly gunzTarPerm modified mode [ 'tools/1to2.js', 509, 511 ]
319 verbose write writing to C:\Users\Admin\workspace\personal-page-jade-sass\node_modules\bcrypt\node_modules\nan\package.json
320 info preinstall nan@2.3.5
321 verbose readDependencies loading dependencies from C:\Users\Admin\workspace\personal-page-jade-sass\node_modules\bcrypt\node_modules\nan\package.json
322 verbose readDependencies loading dependencies from C:\Users\Admin\workspace\personal-page-jade-sass\node_modules\bcrypt\node_modules\nan\package.json
323 silly install resolved []
324 verbose about to build C:\Users\Admin\workspace\personal-page-jade-sass\node_modules\bcrypt\node_modules\nan
325 info build C:\Users\Admin\workspace\personal-page-jade-sass\node_modules\bcrypt\node_modules\nan
326 info linkStuff nan@2.3.5
327 silly linkStuff nan@2.3.5 has C:\Users\Admin\workspace\personal-page-jade-sass\node_modules\bcrypt\node_modules as its parent node_modules
328 verbose linkBins nan@2.3.5
329 verbose linkMans nan@2.3.5
330 verbose rebuildBundles nan@2.3.5
331 info install nan@2.3.5
332 info postinstall nan@2.3.5
333 verbose unlock done using C:\Users\Admin\AppData\Roaming\npm-cache\_locks\nan-8aac8d6dd75ef157.lock for C:\Users\Admin\workspace\personal-page-jade-sass\node_modules\bcrypt\node_modules\nan
334 verbose about to build C:\Users\Admin\workspace\personal-page-jade-sass\node_modules\bcrypt
335 info build C:\Users\Admin\workspace\personal-page-jade-sass\node_modules\bcrypt
336 info linkStuff bcrypt@0.8.7
337 silly linkStuff bcrypt@0.8.7 has C:\Users\Admin\workspace\personal-page-jade-sass\node_modules as its parent node_modules
338 verbose linkBins bcrypt@0.8.7
339 verbose linkMans bcrypt@0.8.7
340 verbose rebuildBundles bcrypt@0.8.7
341 verbose rebuildBundles [ 'bindings', 'nan' ]
342 info install bcrypt@0.8.7
343 verbose unsafe-perm in lifecycle true
344 info bcrypt@0.8.7 Failed to exec install script
345 verbose unlock done using C:\Users\Admin\AppData\Roaming\npm-cache\_locks\bcrypt-765f3529501274c7.lock for C:\Users\Admin\workspace\personal-page-jade-sass\node_modules\bcrypt
346 verbose stack Error: bcrypt@0.8.7 install: `node-gyp rebuild`
346 verbose stack Exit status 1
346 verbose stack     at EventEmitter.<anonymous> (C:\Program Files\nodejs\node_modules\npm\lib\utils\lifecycle.js:217:16)
346 verbose stack     at emitTwo (events.js:87:13)
346 verbose stack     at EventEmitter.emit (events.js:172:7)
346 verbose stack     at ChildProcess.<anonymous> (C:\Program Files\nodejs\node_modules\npm\lib\utils\spawn.js:24:14)
346 verbose stack     at emitTwo (events.js:87:13)
346 verbose stack     at ChildProcess.emit (events.js:172:7)
346 verbose stack     at maybeClose (internal/child_process.js:829:16)
346 verbose stack     at Process.ChildProcess._handle.onexit (internal/child_process.js:211:5)
347 verbose pkgid bcrypt@0.8.7
348 verbose cwd C:\Users\Admin\workspace\personal-page-jade-sass
349 error Windows_NT 10.0.10586
350 error argv "C:\\Program Files\\nodejs\\node.exe" "C:\\Program Files\\nodejs\\node_modules\\npm\\bin\\npm-cli.js" "install" "bcrypt" "--save"
351 error node v4.5.0
352 error npm  v2.15.9
353 error code ELIFECYCLE
354 error bcrypt@0.8.7 install: `node-gyp rebuild`
354 error Exit status 1
355 error Failed at the bcrypt@0.8.7 install script 'node-gyp rebuild'.
355 error This is most likely a problem with the bcrypt package,
355 error not with npm itself.
355 error Tell the author that this fails on your system:
355 error     node-gyp rebuild
355 error You can get information on how to open an issue for this project with:
355 error     npm bugs bcrypt
355 error Or if that isn't available, you can get their info via:
355 error
355 error     npm owner ls bcrypt
355 error There is likely additional logging output above.
356 verbose exit [ 1, true ]
357 verbose unbuild node_modules\bcrypt
358 info preuninstall bcrypt@0.8.7
359 info uninstall bcrypt@0.8.7
360 verbose unbuild rmStuff bcrypt@0.8.7 from C:\Users\Admin\workspace\personal-page-jade-sass\node_modules
361 info postuninstall bcrypt@0.8.7
362 silly gentlyRm C:\Users\Admin\workspace\personal-page-jade-sass\node_modules\bcrypt is being purged from base C:\Users\Admin\workspace\personal-page-jade-sass
363 verbose gentlyRm don't care about contents; nuking C:\Users\Admin\workspace\personal-page-jade-sass\node_modules\bcrypt
364 silly vacuum-fs purging C:\Users\Admin\workspace\personal-page-jade-sass\node_modules\bcrypt
365 silly vacuum-fs quitting because other entries in C:\Users\Admin\workspace\personal-page-jade-sass\node_modules
